2025-11-06 18:00:24,624.xtra_p2.INFO ==================================================
2025-11-06 18:00:24,625.xtra_p2.INFO Today is 2025-11-06 at 06:00 PM
2025-11-06 18:00:24,887.xtra_p2.INFO Running on: nt Windows 11
2025-11-06 18:00:24,888.xtra_p2.INFO Python version:  3.14.0
2025-11-06 18:00:24,888.xtra_p2.INFO Python path: C:\Python314
2025-11-06 18:00:24,891.xtra_p2.INFO Working dir: C:\Users\chakh\OneDrive\Documents\datafun-02-functions
2025-11-06 18:00:24,892.xtra_p2.INFO ==================================================
2025-11-06 18:00:24,892.xtra_p2.INFO CALLING transform_using_keyword_args_with_default_values(input=bearcat, reverse=False)
2025-11-06 18:00:24,893.xtra_p2.INFO RETURNING bear
2025-11-06 18:00:24,893.xtra_p2.INFO CALLING transform_using_keyword_args_with_default_values(input=bearcat, reverse=True)
2025-11-06 18:00:24,894.xtra_p2.INFO RETURNING raeb
2025-11-06 18:00:24,894.xtra_p2.INFO CALLING transform_using_keyword_args_with_default_values(input=hello, reverse=True)
2025-11-06 18:00:24,895.xtra_p2.INFO RETURNING lleh
2025-11-06 18:00:24,896.xtra_p2.INFO ===========================================================
2025-11-06 18:00:24,897.xtra_p2.INFO Running doctest.testmod() function to unit test our code
2025-11-06 18:00:24,898.xtra_p2.INFO ===========================================================
2025-11-06 18:00:24,903.xtra_p2.INFO CALLING sum_two(1,2)
2025-11-06 18:00:24,908.xtra_p2.INFO RETURNING 3
2025-11-06 18:00:24,909.xtra_p2.INFO CALLING sum_two(hello, world)
2025-11-06 18:00:24,910.xtra_p2.INFO RETURNING hello world
2025-11-06 18:00:24,910.xtra_p2.INFO CALLING sum_rectangle_list([1, 1, 3, 3])
2025-11-06 18:00:24,911.xtra_p2.INFO RETURNING 8
2025-11-06 18:00:24,912.xtra_p2.INFO CALLING transform_using_keyword_args_with_default_values(input=bearcat, reverse=False)
2025-11-06 18:00:24,914.xtra_p2.INFO RETURNING bear
2025-11-06 18:00:24,930.xtra_p2.INFO CALLING transform_using_keyword_args_with_default_values(input=bearcat, reverse=True)
2025-11-06 18:00:24,931.xtra_p2.INFO RETURNING raeb
2025-11-06 18:00:24,933.xtra_p2.INFO CALLING transform_using_keyword_args_with_default_values(input=hello, reverse=True)
2025-11-06 18:00:24,936.xtra_p2.INFO RETURNING lleh
2025-11-06 18:00:24,938.xtra_p2.INFO CALLING sum_any_using_args((1, 1, 1, 2))
2025-11-06 18:00:24,941.xtra_p2.INFO RETURNING 5
2025-11-06 18:00:24,943.xtra_p2.INFO CALLING sum_any_with_keywords({'a': 1, 'b': 2, 'c': 3})
2025-11-06 18:00:24,945.xtra_p2.INFO RETURNING 6
2025-11-06 18:00:24,958.xtra_p2.ERROR 3 tests failed!
2025-11-06 18:00:24,961.xtra_p2.INFO Script complete. More info in the log file.
